# JRE version: OpenJDK Runtime Environment Temurin-21.0.10+7 (21.0.10+7) (build 21.0.10+7-LTS)
# Java VM: OpenJDK 64-Bit Server VM Temurin-21.0.10+7 (21.0.10+7-LTS, mixed mode, sharing, tiered, compressed oops, compressed class ptrs, g1 gc, windows-amd64)
GC Precious Log:
 CardTable entry size: 512
 Card Set container configuration: InlinePtr #cards 5 size 8 Array Of Cards #cards 12 size 40 Howl #buckets 4 coarsen threshold 1843 Howl Bitmap #cards 512 size 80 coarsen threshold 460 Card regions per heap region 1 cards per card region 2048
 CPUs: 12 total, 12 available
 Memory: 7518M
 Large Page Support: Disabled
 NUMA Support: Disabled
 Compressed Oops: Enabled (32-bit)
 Heap Region Size: 1M
 Heap Min Capacity: 8M
 Heap Initial Capacity: 118M
 Heap Max Capacity: 2G
 Pre-touch: Disabled
 Parallel Workers: 10
 Concurrent Workers: 3
 Concurrent Refinement Workers: 10
 Periodic GC: Disabled
Heap:
 garbage-first heap   total 296960K, used 221306K [0x0000000080000000, 0x0000000100000000)
  region size 1024K, 44 young (45056K), 8 survivors (8192K)
 Metaspace       used 115674K, committed 118848K, reserved 557056K
  class space    used 16452K, committed 18048K, reserved 425984K
GC Heap History (20 events):
Event: 28.913 GC heap before
{Heap before GC invocations=49 (full 0):
 garbage-first heap   total 214016K, used 184303K [0x0000000080000000, 0x0000000100000000)
  region size 1024K, 65 young (66560K), 9 survivors (9216K)
 Metaspace       used 111175K, committed 113984K, reserved 557056K
  class space    used 15944K, committed 17344K, reserved 425984K
}
Event: 28.922 GC heap after
{Heap after GC invocations=50 (full 0):
 garbage-first heap   total 214016K, used 136185K [0x0000000080000000, 0x0000000100000000)
  region size 1024K, 9 young (9216K), 9 survivors (9216K)
 Metaspace       used 111175K, committed 113984K, reserved 557056K
  class space    used 15944K, committed 17344K, reserved 425984K
}
Event: 30.050 GC heap before
{Heap before GC invocations=50 (full 0):
 garbage-first heap   total 214016K, used 192505K [0x0000000080000000, 0x0000000100000000)
  region size 1024K, 65 young (66560K), 9 survivors (9216K)
 Metaspace       used 111347K, committed 114240K, reserved 557056K
  class space    used 15952K, committed 17408K, reserved 425984K
}
Event: 30.059 GC heap after
{Heap after GC invocations=51 (full 0):
 garbage-first heap   total 214016K, used 138261K [0x0000000080000000, 0x0000000100000000)
  region size 1024K, 6 young (6144K), 6 survivors (6144K)
 Metaspace       used 111347K, committed 114240K, reserved 557056K
  class space    used 15952K, committed 17408K, reserved 425984K
}
Event: 30.683 GC heap before
{Heap before GC invocations=51 (full 0):
 garbage-first heap   total 214016K, used 192533K [0x0000000080000000, 0x0000000100000000)
  region size 1024K, 61 young (62464K), 6 survivors (6144K)
 Metaspace       used 111480K, committed 114368K, reserved 557056K
  class space    used 15976K, committed 17408K, reserved 425984K
}
Event: 30.688 GC heap after
{Heap after GC invocations=52 (full 0):
 garbage-first heap   total 214016K, used 142475K [0x0000000080000000, 0x0000000100000000)
  region size 1024K, 7 young (7168K), 7 survivors (7168K)
 Metaspace       used 111480K, committed 114368K, reserved 557056K
  class space    used 15976K, committed 17408K, reserved 425984K
}
Event: 31.729 GC heap before
{Heap before GC invocations=53 (full 0):
 garbage-first heap   total 242688K, used 195723K [0x0000000080000000, 0x0000000100000000)
  region size 1024K, 58 young (59392K), 7 survivors (7168K)
 Metaspace       used 112052K, committed 115008K, reserved 557056K
  class space    used 16051K, committed 17536K, reserved 425984K
}
Event: 31.737 GC heap after
{Heap after GC invocations=54 (full 0):
 garbage-first heap   total 242688K, used 149554K [0x0000000080000000, 0x0000000100000000)
  region size 1024K, 8 young (8192K), 8 survivors (8192K)
 Metaspace       used 112052K, committed 115008K, reserved 557056K
  class space    used 16051K, committed 17536K, reserved 425984K
}
Event: 32.390 GC heap before
{Heap before GC invocations=54 (full 0):
 garbage-first heap   total 242688K, used 210994K [0x0000000080000000, 0x0000000100000000)
  region size 1024K, 68 young (69632K), 8 survivors (8192K)
 Metaspace       used 112190K, committed 115136K, reserved 557056K
  class space    used 16069K, committed 17536K, reserved 425984K
}
Event: 32.398 GC heap after
{Heap after GC invocations=55 (full 0):
 garbage-first heap   total 242688K, used 151656K [0x0000000080000000, 0x0000000100000000)
  region size 1024K, 7 young (7168K), 7 survivors (7168K)
 Metaspace       used 112190K, committed 115136K, reserved 557056K
  class space    used 16069K, committed 17536K, reserved 425984K
}
Event: 32.795 GC heap before
{Heap before GC invocations=55 (full 0):
 garbage-first heap   total 242688K, used 165992K [0x0000000080000000, 0x0000000100000000)
  region size 1024K, 23 young (23552K), 7 survivors (7168K)
 Metaspace       used 112730K, committed 115648K, reserved 557056K
  class space    used 16128K, committed 17600K, reserved 425984K
}
Event: 32.800 GC heap after
{Heap after GC invocations=56 (full 0):
 garbage-first heap   total 242688K, used 155152K [0x0000000080000000, 0x0000000100000000)
  region size 1024K, 5 young (5120K), 5 survivors (5120K)
 Metaspace       used 112730K, committed 115648K, reserved 557056K
  class space    used 16128K, committed 17600K, reserved 425984K
}
Event: 34.554 GC heap before
{Heap before GC invocations=57 (full 0):
 garbage-first heap   total 270336K, used 213520K [0x0000000080000000, 0x0000000100000000)
  region size 1024K, 57 young (58368K), 5 survivors (5120K)
 Metaspace       used 114715K, committed 117824K, reserved 557056K
  class space    used 16320K, committed 17856K, reserved 425984K
}
Event: 34.567 GC heap after
{Heap after GC invocations=58 (full 0):
 garbage-first heap   total 270336K, used 167296K [0x0000000080000000, 0x0000000100000000)
  region size 1024K, 8 young (8192K), 8 survivors (8192K)
 Metaspace       used 114715K, committed 117824K, reserved 557056K
  class space    used 16320K, committed 17856K, reserved 425984K
}
Event: 36.059 GC heap before
{Heap before GC invocations=58 (full 0):
 garbage-first heap   total 270336K, used 228736K [0x0000000080000000, 0x0000000100000000)
  region size 1024K, 68 young (69632K), 8 survivors (8192K)
 Metaspace       used 114938K, committed 118080K, reserved 557056K
  class space    used 16341K, committed 17920K, reserved 425984K
}
Event: 36.071 GC heap after
{Heap after GC invocations=59 (full 0):
 garbage-first heap   total 270336K, used 175802K [0x0000000080000000, 0x0000000100000000)
  region size 1024K, 9 young (9216K), 9 survivors (9216K)
 Metaspace       used 114938K, committed 118080K, reserved 557056K
  class space    used 16341K, committed 17920K, reserved 425984K
}
Event: 36.615 GC heap before
{Heap before GC invocations=59 (full 0):
 garbage-first heap   total 270336K, used 234170K [0x0000000080000000, 0x0000000100000000)
  region size 1024K, 67 young (68608K), 9 survivors (9216K)
 Metaspace       used 114938K, committed 118080K, reserved 557056K
  class space    used 16341K, committed 17920K, reserved 425984K
}
Event: 36.622 GC heap after
{Heap after GC invocations=60 (full 0):
 garbage-first heap   total 270336K, used 177233K [0x0000000080000000, 0x0000000100000000)
  region size 1024K, 4 young (4096K), 4 survivors (4096K)
 Metaspace       used 114938K, committed 118080K, reserved 557056K
  class space    used 16341K, committed 17920K, reserved 425984K
}
Event: 38.701 GC heap before
{Heap before GC invocations=61 (full 0):
 garbage-first heap   total 296960K, used 241745K [0x0000000080000000, 0x0000000100000000)
  region size 1024K, 64 young (65536K), 4 survivors (4096K)
 Metaspace       used 115312K, committed 118464K, reserved 557056K
  class space    used 16404K, committed 17984K, reserved 425984K
}
Event: 38.707 GC heap after
{Heap after GC invocations=62 (full 0):
 garbage-first heap   total 296960K, used 186490K [0x0000000080000000, 0x0000000100000000)
  region size 1024K, 8 young (8192K), 8 survivors (8192K)
 Metaspace       used 115312K, committed 118464K, reserved 557056K
  class space    used 16404K, committed 17984K, reserved 425984K
}

