# JRE version: OpenJDK Runtime Environment Temurin-17.0.13+11 (17.0.13+11) (build 17.0.13+11)
# Java VM: OpenJDK 64-Bit Server VM Temurin-17.0.13+11 (17.0.13+11, mixed mode, sharing, tiered, compressed oops, compressed class ptrs, g1 gc, windows-amd64)
GC Precious Log:
 CPUs: 12 total, 12 available
 Memory: 7518M
 Large Page Support: Disabled
 NUMA Support: Disabled
 Compressed Oops: Enabled (32-bit)
 Heap Region Size: 1M
 Heap Min Capacity: 8M
 Heap Initial Capacity: 118M
 Heap Max Capacity: 2G
 Pre-touch: Disabled
 Parallel Workers: 10
 Concurrent Workers: 3
 Concurrent Refinement Workers: 10
 Periodic GC: Disabled
Heap:
 garbage-first heap   total 296960K, used 174220K [0x0000000080000000, 0x0000000100000000)
  region size 1024K, 56 young (57344K), 2 survivors (2048K)
 Metaspace       used 71151K, committed 72320K, reserved 491520K
  class space    used 10269K, committed 10816K, reserved 425984K
GC Heap History (20 events):
Event: 16.802 GC heap before
{Heap before GC invocations=34 (full 0):
 garbage-first heap   total 183296K, used 139292K [0x0000000080000000, 0x0000000100000000)
  region size 1024K, 51 young (52224K), 2 survivors (2048K)
 Metaspace       used 43736K, committed 44544K, reserved 491520K
  class space    used 6269K, committed 6656K, reserved 425984K
}
Event: 16.809 GC heap after
{Heap after GC invocations=35 (full 0):
 garbage-first heap   total 183296K, used 91448K [0x0000000080000000, 0x0000000100000000)
  region size 1024K, 4 young (4096K), 4 survivors (4096K)
 Metaspace       used 43736K, committed 44544K, reserved 491520K
  class space    used 6269K, committed 6656K, reserved 425984K
}
Event: 18.965 GC heap before
{Heap before GC invocations=35 (full 0):
 garbage-first heap   total 183296K, used 142648K [0x0000000080000000, 0x0000000100000000)
  region size 1024K, 54 young (55296K), 4 survivors (4096K)
 Metaspace       used 47912K, committed 48704K, reserved 491520K
  class space    used 6854K, committed 7232K, reserved 425984K
}
Event: 18.974 GC heap after
{Heap after GC invocations=36 (full 0):
 garbage-first heap   total 183296K, used 94775K [0x0000000080000000, 0x0000000100000000)
  region size 1024K, 7 young (7168K), 7 survivors (7168K)
 Metaspace       used 47912K, committed 48704K, reserved 491520K
  class space    used 6854K, committed 7232K, reserved 425984K
}
Event: 20.604 GC heap before
{Heap before GC invocations=37 (full 0):
 garbage-first heap   total 183296K, used 144951K [0x0000000080000000, 0x0000000100000000)
  region size 1024K, 56 young (57344K), 7 survivors (7168K)
 Metaspace       used 53127K, committed 53952K, reserved 491520K
  class space    used 7615K, committed 8000K, reserved 425984K
}
Event: 20.650 GC heap after
{Heap after GC invocations=38 (full 0):
 garbage-first heap   total 183296K, used 97022K [0x0000000080000000, 0x0000000100000000)
  region size 1024K, 6 young (6144K), 6 survivors (6144K)
 Metaspace       used 53127K, committed 53952K, reserved 491520K
  class space    used 7615K, committed 8000K, reserved 425984K
}
Event: 20.698 GC heap before
{Heap before GC invocations=38 (full 0):
 garbage-first heap   total 183296K, used 99070K [0x0000000080000000, 0x0000000100000000)
  region size 1024K, 8 young (8192K), 6 survivors (6144K)
 Metaspace       used 53392K, committed 54272K, reserved 491520K
  class space    used 7644K, committed 8064K, reserved 425984K
}
Event: 20.704 GC heap after
{Heap after GC invocations=39 (full 0):
 garbage-first heap   total 183296K, used 96810K [0x0000000080000000, 0x0000000100000000)
  region size 1024K, 1 young (1024K), 1 survivors (1024K)
 Metaspace       used 53392K, committed 54272K, reserved 491520K
  class space    used 7644K, committed 8064K, reserved 425984K
}
Event: 22.272 GC heap before
{Heap before GC invocations=39 (full 0):
 garbage-first heap   total 183296K, used 145962K [0x0000000080000000, 0x0000000100000000)
  region size 1024K, 50 young (51200K), 1 survivors (1024K)
 Metaspace       used 55556K, committed 56448K, reserved 491520K
  class space    used 7967K, committed 8384K, reserved 425984K
}
Event: 22.280 GC heap after
{Heap after GC invocations=40 (full 0):
 garbage-first heap   total 183296K, used 102442K [0x0000000080000000, 0x0000000100000000)
  region size 1024K, 7 young (7168K), 7 survivors (7168K)
 Metaspace       used 55556K, committed 56448K, reserved 491520K
  class space    used 7967K, committed 8384K, reserved 425984K
}
Event: 23.119 GC heap before
{Heap before GC invocations=41 (full 0):
 garbage-first heap   total 186368K, used 152618K [0x0000000080000000, 0x0000000100000000)
  region size 1024K, 51 young (52224K), 7 survivors (7168K)
 Metaspace       used 57956K, committed 58944K, reserved 491520K
  class space    used 8298K, committed 8768K, reserved 425984K
}
Event: 23.127 GC heap after
{Heap after GC invocations=42 (full 0):
 garbage-first heap   total 186368K, used 111864K [0x0000000080000000, 0x0000000100000000)
  region size 1024K, 6 young (6144K), 6 survivors (6144K)
 Metaspace       used 57956K, committed 58944K, reserved 491520K
  class space    used 8298K, committed 8768K, reserved 425984K
}
Event: 23.186 GC heap before
{Heap before GC invocations=42 (full 0):
 garbage-first heap   total 186368K, used 114936K [0x0000000080000000, 0x0000000100000000)
  region size 1024K, 9 young (9216K), 6 survivors (6144K)
 Metaspace       used 58224K, committed 59200K, reserved 491520K
  class space    used 8328K, committed 8768K, reserved 425984K
}
Event: 23.191 GC heap after
{Heap after GC invocations=43 (full 0):
 garbage-first heap   total 186368K, used 110742K [0x0000000080000000, 0x0000000100000000)
  region size 1024K, 1 young (1024K), 1 survivors (1024K)
 Metaspace       used 58224K, committed 59200K, reserved 491520K
  class space    used 8328K, committed 8768K, reserved 425984K
}
Event: 23.915 GC heap before
{Heap before GC invocations=43 (full 0):
 garbage-first heap   total 186368K, used 151702K [0x0000000080000000, 0x0000000100000000)
  region size 1024K, 41 young (41984K), 1 survivors (1024K)
 Metaspace       used 60686K, committed 61632K, reserved 491520K
  class space    used 8640K, committed 9088K, reserved 425984K
}
Event: 23.919 GC heap after
{Heap after GC invocations=44 (full 0):
 garbage-first heap   total 296960K, used 111906K [0x0000000080000000, 0x0000000100000000)
  region size 1024K, 2 young (2048K), 2 survivors (2048K)
 Metaspace       used 60686K, committed 61632K, reserved 491520K
  class space    used 8640K, committed 9088K, reserved 425984K
}
Event: 27.258 GC heap before
{Heap before GC invocations=45 (full 0):
 garbage-first heap   total 296960K, used 236834K [0x0000000080000000, 0x0000000100000000)
  region size 1024K, 124 young (126976K), 2 survivors (2048K)
 Metaspace       used 67799K, committed 68864K, reserved 491520K
  class space    used 9732K, committed 10240K, reserved 425984K
}
Event: 27.266 GC heap after
{Heap after GC invocations=46 (full 0):
 garbage-first heap   total 296960K, used 119659K [0x0000000080000000, 0x0000000100000000)
  region size 1024K, 10 young (10240K), 10 survivors (10240K)
 Metaspace       used 67799K, committed 68864K, reserved 491520K
  class space    used 9732K, committed 10240K, reserved 425984K
}
Event: 27.346 GC heap before
{Heap before GC invocations=46 (full 0):
 garbage-first heap   total 296960K, used 123755K [0x0000000080000000, 0x0000000100000000)
  region size 1024K, 14 young (14336K), 10 survivors (10240K)
 Metaspace       used 67850K, committed 68928K, reserved 491520K
  class space    used 9733K, committed 10240K, reserved 425984K
}
Event: 27.370 GC heap after
{Heap after GC invocations=47 (full 0):
 garbage-first heap   total 296960K, used 119948K [0x0000000080000000, 0x0000000100000000)
  region size 1024K, 2 young (2048K), 2 survivors (2048K)
 Metaspace       used 67850K, committed 68928K, reserved 491520K
  class space    used 9733K, committed 10240K, reserved 425984K
}

