# JRE version: OpenJDK Runtime Environment Temurin-17.0.13+11 (17.0.13+11) (build 17.0.13+11)
# Java VM: OpenJDK 64-Bit Server VM Temurin-17.0.13+11 (17.0.13+11, mixed mode, sharing, tiered, compressed oops, compressed class ptrs, g1 gc, windows-amd64)
GC Precious Log:
 CPUs: 12 total, 12 available
 Memory: 7518M
 Large Page Support: Disabled
 NUMA Support: Disabled
 Compressed Oops: Enabled (32-bit)
 Heap Region Size: 1M
 Heap Min Capacity: 8M
 Heap Initial Capacity: 118M
 Heap Max Capacity: 2G
 Pre-touch: Disabled
 Parallel Workers: 10
 Concurrent Workers: 3
 Concurrent Refinement Workers: 10
 Periodic GC: Disabled
Heap:
 garbage-first heap   total 214016K, used 161081K [0x0000000080000000, 0x0000000100000000)
  region size 1024K, 27 young (27648K), 4 survivors (4096K)
 Metaspace       used 106892K, committed 108288K, reserved 557056K
  class space    used 15006K, committed 15680K, reserved 425984K
GC Heap History (20 events):
Event: 69.093 GC heap before
{Heap before GC invocations=46 (full 0):
 garbage-first heap   total 166912K, used 142295K [0x0000000080000000, 0x0000000100000000)
  region size 1024K, 28 young (28672K), 2 survivors (2048K)
 Metaspace       used 99019K, committed 100160K, reserved 557056K
  class space    used 13874K, committed 14400K, reserved 425984K
}
Event: 69.097 GC heap after
{Heap after GC invocations=47 (full 0):
 garbage-first heap   total 166912K, used 116645K [0x0000000080000000, 0x0000000100000000)
  region size 1024K, 3 young (3072K), 3 survivors (3072K)
 Metaspace       used 99019K, committed 100160K, reserved 557056K
  class space    used 13874K, committed 14400K, reserved 425984K
}
Event: 69.181 GC heap before
{Heap before GC invocations=47 (full 0):
 garbage-first heap   total 166912K, used 121765K [0x0000000080000000, 0x0000000100000000)
  region size 1024K, 9 young (9216K), 3 survivors (3072K)
 Metaspace       used 99348K, committed 100480K, reserved 557056K
  class space    used 13930K, committed 14464K, reserved 425984K
}
Event: 69.187 GC heap after
{Heap after GC invocations=48 (full 0):
 garbage-first heap   total 166912K, used 117163K [0x0000000080000000, 0x0000000100000000)
  region size 1024K, 3 young (3072K), 3 survivors (3072K)
 Metaspace       used 99348K, committed 100480K, reserved 557056K
  class space    used 13930K, committed 14464K, reserved 425984K
}
Event: 69.603 GC heap before
{Heap before GC invocations=49 (full 0):
 garbage-first heap   total 208896K, used 138667K [0x0000000080000000, 0x0000000100000000)
  region size 1024K, 24 young (24576K), 3 survivors (3072K)
 Metaspace       used 100393K, committed 101568K, reserved 557056K
  class space    used 14098K, committed 14656K, reserved 425984K
}
Event: 69.607 GC heap after
{Heap after GC invocations=50 (full 0):
 garbage-first heap   total 208896K, used 117553K [0x0000000080000000, 0x0000000100000000)
  region size 1024K, 2 young (2048K), 2 survivors (2048K)
 Metaspace       used 100393K, committed 101568K, reserved 557056K
  class space    used 14098K, committed 14656K, reserved 425984K
}
Event: 69.689 GC heap before
{Heap before GC invocations=50 (full 0):
 garbage-first heap   total 208896K, used 125745K [0x0000000080000000, 0x0000000100000000)
  region size 1024K, 10 young (10240K), 2 survivors (2048K)
 Metaspace       used 100570K, committed 101696K, reserved 557056K
  class space    used 14108K, committed 14656K, reserved 425984K
}
Event: 69.694 GC heap after
{Heap after GC invocations=51 (full 0):
 garbage-first heap   total 208896K, used 115992K [0x0000000080000000, 0x0000000100000000)
  region size 1024K, 2 young (2048K), 2 survivors (2048K)
 Metaspace       used 100570K, committed 101696K, reserved 557056K
  class space    used 14108K, committed 14656K, reserved 425984K
}
Event: 70.598 GC heap before
{Heap before GC invocations=51 (full 0):
 garbage-first heap   total 208896K, used 175384K [0x0000000080000000, 0x0000000100000000)
  region size 1024K, 60 young (61440K), 2 survivors (2048K)
 Metaspace       used 103372K, committed 104576K, reserved 557056K
  class space    used 14493K, committed 15040K, reserved 425984K
}
Event: 70.604 GC heap after
{Heap after GC invocations=52 (full 0):
 garbage-first heap   total 208896K, used 121033K [0x0000000080000000, 0x0000000100000000)
  region size 1024K, 6 young (6144K), 6 survivors (6144K)
 Metaspace       used 103372K, committed 104576K, reserved 557056K
  class space    used 14493K, committed 15040K, reserved 425984K
}
Event: 71.724 GC heap before
{Heap before GC invocations=53 (full 0):
 garbage-first heap   total 214016K, used 174281K [0x0000000080000000, 0x0000000100000000)
  region size 1024K, 59 young (60416K), 6 survivors (6144K)
 Metaspace       used 104534K, committed 105792K, reserved 557056K
  class space    used 14643K, committed 15232K, reserved 425984K
}
Event: 71.747 GC heap after
{Heap after GC invocations=54 (full 0):
 garbage-first heap   total 214016K, used 127462K [0x0000000080000000, 0x0000000100000000)
  region size 1024K, 7 young (7168K), 7 survivors (7168K)
 Metaspace       used 104534K, committed 105792K, reserved 557056K
  class space    used 14643K, committed 15232K, reserved 425984K
}
Event: 72.408 GC heap before
{Heap before GC invocations=54 (full 0):
 garbage-first heap   total 214016K, used 129510K [0x0000000080000000, 0x0000000100000000)
  region size 1024K, 10 young (10240K), 7 survivors (7168K)
 Metaspace       used 104579K, committed 105792K, reserved 557056K
  class space    used 14652K, committed 15232K, reserved 425984K
}
Event: 72.412 GC heap after
{Heap after GC invocations=55 (full 0):
 garbage-first heap   total 214016K, used 123939K [0x0000000080000000, 0x0000000100000000)
  region size 1024K, 2 young (2048K), 2 survivors (2048K)
 Metaspace       used 104579K, committed 105792K, reserved 557056K
  class space    used 14652K, committed 15232K, reserved 425984K
}
Event: 73.402 GC heap before
{Heap before GC invocations=55 (full 0):
 garbage-first heap   total 214016K, used 177187K [0x0000000080000000, 0x0000000100000000)
  region size 1024K, 55 young (56320K), 2 survivors (2048K)
 Metaspace       used 106255K, committed 107584K, reserved 557056K
  class space    used 14913K, committed 15552K, reserved 425984K
}
Event: 73.410 GC heap after
{Heap after GC invocations=56 (full 0):
 garbage-first heap   total 214016K, used 132865K [0x0000000080000000, 0x0000000100000000)
  region size 1024K, 7 young (7168K), 7 survivors (7168K)
 Metaspace       used 106255K, committed 107584K, reserved 557056K
  class space    used 14913K, committed 15552K, reserved 425984K
}
Event: 73.936 GC heap before
{Heap before GC invocations=56 (full 0):
 garbage-first heap   total 214016K, used 175873K [0x0000000080000000, 0x0000000100000000)
  region size 1024K, 50 young (51200K), 7 survivors (7168K)
 Metaspace       used 106269K, committed 107584K, reserved 557056K
  class space    used 14913K, committed 15552K, reserved 425984K
}
Event: 73.942 GC heap after
{Heap after GC invocations=57 (full 0):
 garbage-first heap   total 214016K, used 136213K [0x0000000080000000, 0x0000000100000000)
  region size 1024K, 4 young (4096K), 4 survivors (4096K)
 Metaspace       used 106269K, committed 107584K, reserved 557056K
  class space    used 14913K, committed 15552K, reserved 425984K
}
Event: 74.379 GC heap before
{Heap before GC invocations=57 (full 0):
 garbage-first heap   total 214016K, used 176149K [0x0000000080000000, 0x0000000100000000)
  region size 1024K, 44 young (45056K), 4 survivors (4096K)
 Metaspace       used 106270K, committed 107584K, reserved 557056K
  class space    used 14913K, committed 15552K, reserved 425984K
}
Event: 74.382 GC heap after
{Heap after GC invocations=58 (full 0):
 garbage-first heap   total 214016K, used 137529K [0x0000000080000000, 0x0000000100000000)
  region size 1024K, 4 young (4096K), 4 survivors (4096K)
 Metaspace       used 106270K, committed 107584K, reserved 557056K
  class space    used 14913K, committed 15552K, reserved 425984K
}

